[0.380s] Invoking command in '/home/misys/robotics_lecture/parameter/param_ws/src/turtle_param_control': PYTHONPATH=/home/misys/robotics_lecture/parameter/param_ws/build/turtle_param_control/prefix_override:/usr/lib/python3/dist-packages/colcon_core/task/python/colcon_distutils_commands:/home/misys/robotics_lecture/parameter/param_ws/install/turtle_param_control/lib/python3.10/site-packages:${PYTHONPATH} /usr/bin/python3 -W ignore:setup.py install is deprecated setup.py egg_info --egg-base ../../build/turtle_param_control build --build-base /home/misys/robotics_lecture/parameter/param_ws/build/turtle_param_control/build install --record /home/misys/robotics_lecture/parameter/param_ws/build/turtle_param_control/install.log --single-version-externally-managed install_data
[0.525s] running egg_info
[0.525s] writing ../../build/turtle_param_control/turtle_param_control.egg-info/PKG-INFO
[0.525s] writing dependency_links to ../../build/turtle_param_control/turtle_param_control.egg-info/dependency_links.txt
[0.525s] writing entry points to ../../build/turtle_param_control/turtle_param_control.egg-info/entry_points.txt
[0.525s] writing requirements to ../../build/turtle_param_control/turtle_param_control.egg-info/requires.txt
[0.525s] writing top-level names to ../../build/turtle_param_control/turtle_param_control.egg-info/top_level.txt
[0.527s] reading manifest file '../../build/turtle_param_control/turtle_param_control.egg-info/SOURCES.txt'
[0.527s] writing manifest file '../../build/turtle_param_control/turtle_param_control.egg-info/SOURCES.txt'
[0.527s] running build
[0.527s] running build_py
[0.528s] copying turtle_param_control/turtle_controller.py -> /home/misys/robotics_lecture/parameter/param_ws/build/turtle_param_control/build/lib/turtle_param_control
[0.528s] running install
[0.528s] running install_lib
[0.528s] copying /home/misys/robotics_lecture/parameter/param_ws/build/turtle_param_control/build/lib/turtle_param_control/turtle_controller.py -> /home/misys/robotics_lecture/parameter/param_ws/install/turtle_param_control/lib/python3.10/site-packages/turtle_param_control
[0.528s] byte-compiling /home/misys/robotics_lecture/parameter/param_ws/install/turtle_param_control/lib/python3.10/site-packages/turtle_param_control/turtle_controller.py to turtle_controller.cpython-310.pyc
[0.529s] running install_data
[0.529s] running install_egg_info
[0.530s] removing '/home/misys/robotics_lecture/parameter/param_ws/install/turtle_param_control/lib/python3.10/site-packages/turtle_param_control-0.0.0-py3.10.egg-info' (and everything under it)
[0.530s] Copying ../../build/turtle_param_control/turtle_param_control.egg-info to /home/misys/robotics_lecture/parameter/param_ws/install/turtle_param_control/lib/python3.10/site-packages/turtle_param_control-0.0.0-py3.10.egg-info
[0.531s] running install_scripts
[0.543s] Installing turtle_controller script to /home/misys/robotics_lecture/parameter/param_ws/install/turtle_param_control/lib/turtle_param_control
[0.543s] writing list of installed files to '/home/misys/robotics_lecture/parameter/param_ws/build/turtle_param_control/install.log'
[0.557s] Invoked command in '/home/misys/robotics_lecture/parameter/param_ws/src/turtle_param_control' returned '0': PYTHONPATH=/home/misys/robotics_lecture/parameter/param_ws/build/turtle_param_control/prefix_override:/usr/lib/python3/dist-packages/colcon_core/task/python/colcon_distutils_commands:/home/misys/robotics_lecture/parameter/param_ws/install/turtle_param_control/lib/python3.10/site-packages:${PYTHONPATH} /usr/bin/python3 -W ignore:setup.py install is deprecated setup.py egg_info --egg-base ../../build/turtle_param_control build --build-base /home/misys/robotics_lecture/parameter/param_ws/build/turtle_param_control/build install --record /home/misys/robotics_lecture/parameter/param_ws/build/turtle_param_control/install.log --single-version-externally-managed install_data
