[0.377s] Invoking command in '/home/misys/robotics_lecture/BboxMessage/src/bbox_example': LD_LIBRARY_PATH=/home/misys/robotics_lecture/BboxMessage/install/my_msgs/lib:/opt/ros/humble/opt/rviz_ogre_vendor/lib:/opt/ros/humble/lib/x86_64-linux-gnu:/opt/ros/humble/lib:/usr/local/cuda-12.2/lib64 PYTHONPATH=/home/misys/robotics_lecture/BboxMessage/build/bbox_example/prefix_override:/usr/lib/python3/dist-packages/colcon_core/task/python/colcon_distutils_commands:/home/misys/robotics_lecture/BboxMessage/install/bbox_example/lib/python3.10/site-packages:${PYTHONPATH} /usr/bin/python3 -W ignore:setup.py install is deprecated setup.py egg_info --egg-base ../../build/bbox_example build --build-base /home/misys/robotics_lecture/BboxMessage/build/bbox_example/build install --record /home/misys/robotics_lecture/BboxMessage/build/bbox_example/install.log --single-version-externally-managed install_data
[0.521s] running egg_info
[0.522s] writing ../../build/bbox_example/bbox_example.egg-info/PKG-INFO
[0.522s] writing dependency_links to ../../build/bbox_example/bbox_example.egg-info/dependency_links.txt
[0.522s] writing entry points to ../../build/bbox_example/bbox_example.egg-info/entry_points.txt
[0.522s] writing requirements to ../../build/bbox_example/bbox_example.egg-info/requires.txt
[0.522s] writing top-level names to ../../build/bbox_example/bbox_example.egg-info/top_level.txt
[0.523s] reading manifest file '../../build/bbox_example/bbox_example.egg-info/SOURCES.txt'
[0.523s] writing manifest file '../../build/bbox_example/bbox_example.egg-info/SOURCES.txt'
[0.524s] running build
[0.524s] running build_py
[0.524s] running install
[0.524s] running install_lib
[0.524s] running install_data
[0.524s] running install_egg_info
[0.525s] removing '/home/misys/robotics_lecture/BboxMessage/install/bbox_example/lib/python3.10/site-packages/bbox_example-0.0.0-py3.10.egg-info' (and everything under it)
[0.526s] Copying ../../build/bbox_example/bbox_example.egg-info to /home/misys/robotics_lecture/BboxMessage/install/bbox_example/lib/python3.10/site-packages/bbox_example-0.0.0-py3.10.egg-info
[0.526s] running install_scripts
[0.539s] Installing bbox_pub script to /home/misys/robotics_lecture/BboxMessage/install/bbox_example/lib/bbox_example
[0.539s] Installing bbox_sub script to /home/misys/robotics_lecture/BboxMessage/install/bbox_example/lib/bbox_example
[0.539s] writing list of installed files to '/home/misys/robotics_lecture/BboxMessage/build/bbox_example/install.log'
[0.554s] Invoked command in '/home/misys/robotics_lecture/BboxMessage/src/bbox_example' returned '0': LD_LIBRARY_PATH=/home/misys/robotics_lecture/BboxMessage/install/my_msgs/lib:/opt/ros/humble/opt/rviz_ogre_vendor/lib:/opt/ros/humble/lib/x86_64-linux-gnu:/opt/ros/humble/lib:/usr/local/cuda-12.2/lib64 PYTHONPATH=/home/misys/robotics_lecture/BboxMessage/build/bbox_example/prefix_override:/usr/lib/python3/dist-packages/colcon_core/task/python/colcon_distutils_commands:/home/misys/robotics_lecture/BboxMessage/install/bbox_example/lib/python3.10/site-packages:${PYTHONPATH} /usr/bin/python3 -W ignore:setup.py install is deprecated setup.py egg_info --egg-base ../../build/bbox_example build --build-base /home/misys/robotics_lecture/BboxMessage/build/bbox_example/build install --record /home/misys/robotics_lecture/BboxMessage/build/bbox_example/install.log --single-version-externally-managed install_data
