[0.548s] Invoking command in '/home/misys/robotics_lecture/launch/launch_ws/src/launch_py': PYTHONPATH=/home/misys/robotics_lecture/launch/launch_ws/build/launch_py/prefix_override:/usr/lib/python3/dist-packages/colcon_core/task/python/colcon_distutils_commands:/home/misys/robotics_lecture/launch/launch_ws/install/launch_py/lib/python3.10/site-packages:${PYTHONPATH} /usr/bin/python3 -W ignore:setup.py install is deprecated setup.py egg_info --egg-base ../../build/launch_py build --build-base /home/misys/robotics_lecture/launch/launch_ws/build/launch_py/build install --record /home/misys/robotics_lecture/launch/launch_ws/build/launch_py/install.log --single-version-externally-managed install_data
[0.689s] running egg_info
[0.690s] writing ../../build/launch_py/launch_py.egg-info/PKG-INFO
[0.690s] writing dependency_links to ../../build/launch_py/launch_py.egg-info/dependency_links.txt
[0.690s] writing entry points to ../../build/launch_py/launch_py.egg-info/entry_points.txt
[0.690s] writing requirements to ../../build/launch_py/launch_py.egg-info/requires.txt
[0.690s] writing top-level names to ../../build/launch_py/launch_py.egg-info/top_level.txt
[0.692s] reading manifest file '../../build/launch_py/launch_py.egg-info/SOURCES.txt'
[0.692s] writing manifest file '../../build/launch_py/launch_py.egg-info/SOURCES.txt'
[0.692s] running build
[0.692s] running build_py
[0.692s] running install
[0.693s] running install_lib
[0.693s] running install_data
[0.693s] running install_egg_info
[0.694s] removing '/home/misys/robotics_lecture/launch/launch_ws/install/launch_py/lib/python3.10/site-packages/launch_py-0.0.0-py3.10.egg-info' (and everything under it)
[0.694s] Copying ../../build/launch_py/launch_py.egg-info to /home/misys/robotics_lecture/launch/launch_ws/install/launch_py/lib/python3.10/site-packages/launch_py-0.0.0-py3.10.egg-info
[0.695s] running install_scripts
[0.707s] writing list of installed files to '/home/misys/robotics_lecture/launch/launch_ws/build/launch_py/install.log'
[0.721s] Invoked command in '/home/misys/robotics_lecture/launch/launch_ws/src/launch_py' returned '0': PYTHONPATH=/home/misys/robotics_lecture/launch/launch_ws/build/launch_py/prefix_override:/usr/lib/python3/dist-packages/colcon_core/task/python/colcon_distutils_commands:/home/misys/robotics_lecture/launch/launch_ws/install/launch_py/lib/python3.10/site-packages:${PYTHONPATH} /usr/bin/python3 -W ignore:setup.py install is deprecated setup.py egg_info --egg-base ../../build/launch_py build --build-base /home/misys/robotics_lecture/launch/launch_ws/build/launch_py/build install --record /home/misys/robotics_lecture/launch/launch_ws/build/launch_py/install.log --single-version-externally-managed install_data
