[0.478s] Invoking command in '/home/misys/robotics_lecture/parameter/param_ws/src/turtle_param_control': PYTHONPATH=/home/misys/robotics_lecture/parameter/param_ws/build/turtle_param_control/prefix_override:/usr/lib/python3/dist-packages/colcon_core/task/python/colcon_distutils_commands:/home/misys/robotics_lecture/parameter/param_ws/install/turtle_param_control/lib/python3.10/site-packages:${PYTHONPATH} /usr/bin/python3 -W ignore:setup.py install is deprecated setup.py egg_info --egg-base ../../build/turtle_param_control build --build-base /home/misys/robotics_lecture/parameter/param_ws/build/turtle_param_control/build install --record /home/misys/robotics_lecture/parameter/param_ws/build/turtle_param_control/install.log --single-version-externally-managed install_data
[0.617s] running egg_info
[0.617s] creating ../../build/turtle_param_control/turtle_param_control.egg-info
[0.617s] writing ../../build/turtle_param_control/turtle_param_control.egg-info/PKG-INFO
[0.618s] writing dependency_links to ../../build/turtle_param_control/turtle_param_control.egg-info/dependency_links.txt
[0.618s] writing entry points to ../../build/turtle_param_control/turtle_param_control.egg-info/entry_points.txt
[0.618s] writing requirements to ../../build/turtle_param_control/turtle_param_control.egg-info/requires.txt
[0.618s] writing top-level names to ../../build/turtle_param_control/turtle_param_control.egg-info/top_level.txt
[0.618s] writing manifest file '../../build/turtle_param_control/turtle_param_control.egg-info/SOURCES.txt'
[0.619s] reading manifest file '../../build/turtle_param_control/turtle_param_control.egg-info/SOURCES.txt'
[0.620s] writing manifest file '../../build/turtle_param_control/turtle_param_control.egg-info/SOURCES.txt'
[0.620s] running build
[0.620s] running build_py
[0.620s] creating /home/misys/robotics_lecture/parameter/param_ws/build/turtle_param_control/build
[0.620s] creating /home/misys/robotics_lecture/parameter/param_ws/build/turtle_param_control/build/lib
[0.620s] creating /home/misys/robotics_lecture/parameter/param_ws/build/turtle_param_control/build/lib/turtle_param_control
[0.620s] copying turtle_param_control/turtle_controller.py -> /home/misys/robotics_lecture/parameter/param_ws/build/turtle_param_control/build/lib/turtle_param_control
[0.620s] copying turtle_param_control/__init__.py -> /home/misys/robotics_lecture/parameter/param_ws/build/turtle_param_control/build/lib/turtle_param_control
[0.620s] running install
[0.620s] running install_lib
[0.621s] creating /home/misys/robotics_lecture/parameter/param_ws/install/turtle_param_control/lib/python3.10/site-packages/turtle_param_control
[0.621s] copying /home/misys/robotics_lecture/parameter/param_ws/build/turtle_param_control/build/lib/turtle_param_control/turtle_controller.py -> /home/misys/robotics_lecture/parameter/param_ws/install/turtle_param_control/lib/python3.10/site-packages/turtle_param_control
[0.621s] copying /home/misys/robotics_lecture/parameter/param_ws/build/turtle_param_control/build/lib/turtle_param_control/__init__.py -> /home/misys/robotics_lecture/parameter/param_ws/install/turtle_param_control/lib/python3.10/site-packages/turtle_param_control
[0.621s] byte-compiling /home/misys/robotics_lecture/parameter/param_ws/install/turtle_param_control/lib/python3.10/site-packages/turtle_param_control/turtle_controller.py to turtle_controller.cpython-310.pyc
[0.621s] byte-compiling /home/misys/robotics_lecture/parameter/param_ws/install/turtle_param_control/lib/python3.10/site-packages/turtle_param_control/__init__.py to __init__.cpython-310.pyc
[0.621s] running install_data
[0.621s] creating /home/misys/robotics_lecture/parameter/param_ws/install/turtle_param_control/share/ament_index
[0.621s] creating /home/misys/robotics_lecture/parameter/param_ws/install/turtle_param_control/share/ament_index/resource_index
[0.621s] creating /home/misys/robotics_lecture/parameter/param_ws/install/turtle_param_control/share/ament_index/resource_index/packages
[0.621s] copying resource/turtle_param_control -> /home/misys/robotics_lecture/parameter/param_ws/install/turtle_param_control/share/ament_index/resource_index/packages
[0.621s] copying package.xml -> /home/misys/robotics_lecture/parameter/param_ws/install/turtle_param_control/share/turtle_param_control
[0.622s] running install_egg_info
[0.623s] Copying ../../build/turtle_param_control/turtle_param_control.egg-info to /home/misys/robotics_lecture/parameter/param_ws/install/turtle_param_control/lib/python3.10/site-packages/turtle_param_control-0.0.0-py3.10.egg-info
[0.623s] running install_scripts
[0.635s] Installing turtle_controller script to /home/misys/robotics_lecture/parameter/param_ws/install/turtle_param_control/lib/turtle_param_control
[0.636s] writing list of installed files to '/home/misys/robotics_lecture/parameter/param_ws/build/turtle_param_control/install.log'
[0.649s] Invoked command in '/home/misys/robotics_lecture/parameter/param_ws/src/turtle_param_control' returned '0': PYTHONPATH=/home/misys/robotics_lecture/parameter/param_ws/build/turtle_param_control/prefix_override:/usr/lib/python3/dist-packages/colcon_core/task/python/colcon_distutils_commands:/home/misys/robotics_lecture/parameter/param_ws/install/turtle_param_control/lib/python3.10/site-packages:${PYTHONPATH} /usr/bin/python3 -W ignore:setup.py install is deprecated setup.py egg_info --egg-base ../../build/turtle_param_control build --build-base /home/misys/robotics_lecture/parameter/param_ws/build/turtle_param_control/build install --record /home/misys/robotics_lecture/parameter/param_ws/build/turtle_param_control/install.log --single-version-externally-managed install_data
