running egg_info
creating ../../build/launch_py/launch_py.egg-info
writing ../../build/launch_py/launch_py.egg-info/PKG-INFO
writing dependency_links to ../../build/launch_py/launch_py.egg-info/dependency_links.txt
writing entry points to ../../build/launch_py/launch_py.egg-info/entry_points.txt
writing requirements to ../../build/launch_py/launch_py.egg-info/requires.txt
writing top-level names to ../../build/launch_py/launch_py.egg-info/top_level.txt
writing manifest file '../../build/launch_py/launch_py.egg-info/SOURCES.txt'
reading manifest file '../../build/launch_py/launch_py.egg-info/SOURCES.txt'
writing manifest file '../../build/launch_py/launch_py.egg-info/SOURCES.txt'
running build
running build_py
creating /home/misys/robotics_lecture/launch/launch_ws/build/launch_py/build
creating /home/misys/robotics_lecture/launch/launch_ws/build/launch_py/build/lib
creating /home/misys/robotics_lecture/launch/launch_ws/build/launch_py/build/lib/launch_py
copying launch_py/__init__.py -> /home/misys/robotics_lecture/launch/launch_ws/build/launch_py/build/lib/launch_py
running install
running install_lib
creating /home/misys/robotics_lecture/launch/launch_ws/install/launch_py/lib/python3.10/site-packages/launch_py
copying /home/misys/robotics_lecture/launch/launch_ws/build/launch_py/build/lib/launch_py/__init__.py -> /home/misys/robotics_lecture/launch/launch_ws/install/launch_py/lib/python3.10/site-packages/launch_py
byte-compiling /home/misys/robotics_lecture/launch/launch_ws/install/launch_py/lib/python3.10/site-packages/launch_py/__init__.py to __init__.cpython-310.pyc
running install_data
creating /home/misys/robotics_lecture/launch/launch_ws/install/launch_py/share/ament_index
creating /home/misys/robotics_lecture/launch/launch_ws/install/launch_py/share/ament_index/resource_index
creating /home/misys/robotics_lecture/launch/launch_ws/install/launch_py/share/ament_index/resource_index/packages
copying resource/launch_py -> /home/misys/robotics_lecture/launch/launch_ws/install/launch_py/share/ament_index/resource_index/packages
copying package.xml -> /home/misys/robotics_lecture/launch/launch_ws/install/launch_py/share/launch_py
creating /home/misys/robotics_lecture/launch/launch_ws/install/launch_py/share/launch_py/launch
copying launch/my_script_launch.py -> /home/misys/robotics_lecture/launch/launch_ws/install/launch_py/share/launch_py/launch
running install_egg_info
Copying ../../build/launch_py/launch_py.egg-info to /home/misys/robotics_lecture/launch/launch_ws/install/launch_py/lib/python3.10/site-packages/launch_py-0.0.0-py3.10.egg-info
running install_scripts
writing list of installed files to '/home/misys/robotics_lecture/launch/launch_ws/build/launch_py/install.log'
