[0.412s] Invoking command in '/home/misys/robotics_lecture/launch/launch_ws/src/launch_py': PYTHONPATH=/home/misys/robotics_lecture/launch/launch_ws/build/launch_py/prefix_override:/usr/lib/python3/dist-packages/colcon_core/task/python/colcon_distutils_commands:/home/misys/robotics_lecture/launch/launch_ws/install/launch_py/lib/python3.10/site-packages:${PYTHONPATH} /usr/bin/python3 -W ignore:setup.py install is deprecated setup.py egg_info --egg-base ../../build/launch_py build --build-base /home/misys/robotics_lecture/launch/launch_ws/build/launch_py/build install --record /home/misys/robotics_lecture/launch/launch_ws/build/launch_py/install.log --single-version-externally-managed install_data
[0.558s] running egg_info
[0.559s] creating ../../build/launch_py/launch_py.egg-info
[0.559s] writing ../../build/launch_py/launch_py.egg-info/PKG-INFO
[0.559s] writing dependency_links to ../../build/launch_py/launch_py.egg-info/dependency_links.txt
[0.559s] writing entry points to ../../build/launch_py/launch_py.egg-info/entry_points.txt
[0.559s] writing requirements to ../../build/launch_py/launch_py.egg-info/requires.txt
[0.559s] writing top-level names to ../../build/launch_py/launch_py.egg-info/top_level.txt
[0.559s] writing manifest file '../../build/launch_py/launch_py.egg-info/SOURCES.txt'
[0.561s] reading manifest file '../../build/launch_py/launch_py.egg-info/SOURCES.txt'
[0.561s] writing manifest file '../../build/launch_py/launch_py.egg-info/SOURCES.txt'
[0.561s] running build
[0.561s] running build_py
[0.561s] creating /home/misys/robotics_lecture/launch/launch_ws/build/launch_py/build
[0.561s] creating /home/misys/robotics_lecture/launch/launch_ws/build/launch_py/build/lib
[0.561s] creating /home/misys/robotics_lecture/launch/launch_ws/build/launch_py/build/lib/launch_py
[0.561s] copying launch_py/__init__.py -> /home/misys/robotics_lecture/launch/launch_ws/build/launch_py/build/lib/launch_py
[0.562s] running install
[0.562s] running install_lib
[0.562s] creating /home/misys/robotics_lecture/launch/launch_ws/install/launch_py/lib/python3.10/site-packages/launch_py
[0.562s] copying /home/misys/robotics_lecture/launch/launch_ws/build/launch_py/build/lib/launch_py/__init__.py -> /home/misys/robotics_lecture/launch/launch_ws/install/launch_py/lib/python3.10/site-packages/launch_py
[0.562s] byte-compiling /home/misys/robotics_lecture/launch/launch_ws/install/launch_py/lib/python3.10/site-packages/launch_py/__init__.py to __init__.cpython-310.pyc
[0.562s] running install_data
[0.562s] creating /home/misys/robotics_lecture/launch/launch_ws/install/launch_py/share/ament_index
[0.562s] creating /home/misys/robotics_lecture/launch/launch_ws/install/launch_py/share/ament_index/resource_index
[0.562s] creating /home/misys/robotics_lecture/launch/launch_ws/install/launch_py/share/ament_index/resource_index/packages
[0.562s] copying resource/launch_py -> /home/misys/robotics_lecture/launch/launch_ws/install/launch_py/share/ament_index/resource_index/packages
[0.562s] copying package.xml -> /home/misys/robotics_lecture/launch/launch_ws/install/launch_py/share/launch_py
[0.562s] creating /home/misys/robotics_lecture/launch/launch_ws/install/launch_py/share/launch_py/launch
[0.562s] copying launch/my_script_launch.py -> /home/misys/robotics_lecture/launch/launch_ws/install/launch_py/share/launch_py/launch
[0.562s] running install_egg_info
[0.563s] Copying ../../build/launch_py/launch_py.egg-info to /home/misys/robotics_lecture/launch/launch_ws/install/launch_py/lib/python3.10/site-packages/launch_py-0.0.0-py3.10.egg-info
[0.564s] running install_scripts
[0.576s] writing list of installed files to '/home/misys/robotics_lecture/launch/launch_ws/build/launch_py/install.log'
[0.589s] Invoked command in '/home/misys/robotics_lecture/launch/launch_ws/src/launch_py' returned '0': PYTHONPATH=/home/misys/robotics_lecture/launch/launch_ws/build/launch_py/prefix_override:/usr/lib/python3/dist-packages/colcon_core/task/python/colcon_distutils_commands:/home/misys/robotics_lecture/launch/launch_ws/install/launch_py/lib/python3.10/site-packages:${PYTHONPATH} /usr/bin/python3 -W ignore:setup.py install is deprecated setup.py egg_info --egg-base ../../build/launch_py build --build-base /home/misys/robotics_lecture/launch/launch_ws/build/launch_py/build install --record /home/misys/robotics_lecture/launch/launch_ws/build/launch_py/install.log --single-version-externally-managed install_data
