[0.007s] Invoking command in '/home/misys/robotics_lecture/BboxMessage/build/my_msgs': CMAKE_PREFIX_PATH=/opt/ros/humble /usr/bin/cmake /home/misys/robotics_lecture/BboxMessage/src/my_msgs -DCMAKE_INSTALL_PREFIX=/home/misys/robotics_lecture/BboxMessage/install/my_msgs
[0.107s] -- The C compiler identification is GNU 11.4.0
[0.168s] -- The CXX compiler identification is GNU 11.4.0
[0.175s] -- Detecting C compiler ABI info
[0.246s] -- Detecting C compiler ABI info - done
[0.254s] -- Check for working C compiler: /usr/bin/cc - skipped
[0.254s] -- Detecting C compile features
[0.255s] -- Detecting C compile features - done
[0.258s] -- Detecting CXX compiler ABI info
[0.358s] -- Detecting CXX compiler ABI info - done
[0.366s] -- Check for working CXX compiler: /usr/bin/c++ - skipped
[0.366s] -- Detecting CXX compile features
[0.366s] -- Detecting CXX compile features - done
[0.372s] -- Found ament_cmake: 1.3.10 (/opt/ros/humble/share/ament_cmake/cmake)
[0.507s] -- Found Python3: /usr/bin/python3 (found version "3.10.12") found components: Interpreter 
[0.597s] [31mCMake Error at CMakeLists.txt:14 (rosidl_generate_interfaces):
[0.597s]   Unknown CMake command "rosidl_generate_interfaces".
[0.597s] 
[0.597s] [0m
[0.597s] -- Configuring incomplete, errors occurred!
[0.597s] See also "/home/misys/robotics_lecture/BboxMessage/build/my_msgs/CMakeFiles/CMakeOutput.log".
[0.604s] Invoked command in '/home/misys/robotics_lecture/BboxMessage/build/my_msgs' returned '1': CMAKE_PREFIX_PATH=/opt/ros/humble /usr/bin/cmake /home/misys/robotics_lecture/BboxMessage/src/my_msgs -DCMAKE_INSTALL_PREFIX=/home/misys/robotics_lecture/BboxMessage/install/my_msgs
