running egg_info
writing ../../build/turtle_param_control/turtle_param_control.egg-info/PKG-INFO
writing dependency_links to ../../build/turtle_param_control/turtle_param_control.egg-info/dependency_links.txt
writing entry points to ../../build/turtle_param_control/turtle_param_control.egg-info/entry_points.txt
writing requirements to ../../build/turtle_param_control/turtle_param_control.egg-info/requires.txt
writing top-level names to ../../build/turtle_param_control/turtle_param_control.egg-info/top_level.txt
reading manifest file '../../build/turtle_param_control/turtle_param_control.egg-info/SOURCES.txt'
writing manifest file '../../build/turtle_param_control/turtle_param_control.egg-info/SOURCES.txt'
running build
running build_py
copying turtle_param_control/turtle_controller.py -> /home/misys/robotics_lecture/parameter/param_ws/build/turtle_param_control/build/lib/turtle_param_control
running install
running install_lib
copying /home/misys/robotics_lecture/parameter/param_ws/build/turtle_param_control/build/lib/turtle_param_control/turtle_controller.py -> /home/misys/robotics_lecture/parameter/param_ws/install/turtle_param_control/lib/python3.10/site-packages/turtle_param_control
byte-compiling /home/misys/robotics_lecture/parameter/param_ws/install/turtle_param_control/lib/python3.10/site-packages/turtle_param_control/turtle_controller.py to turtle_controller.cpython-310.pyc
running install_data
running install_egg_info
removing '/home/misys/robotics_lecture/parameter/param_ws/install/turtle_param_control/lib/python3.10/site-packages/turtle_param_control-0.0.0-py3.10.egg-info' (and everything under it)
Copying ../../build/turtle_param_control/turtle_param_control.egg-info to /home/misys/robotics_lecture/parameter/param_ws/install/turtle_param_control/lib/python3.10/site-packages/turtle_param_control-0.0.0-py3.10.egg-info
running install_scripts
Installing turtle_controller script to /home/misys/robotics_lecture/parameter/param_ws/install/turtle_param_control/lib/turtle_param_control
writing list of installed files to '/home/misys/robotics_lecture/parameter/param_ws/build/turtle_param_control/install.log'
