[0.008s] Invoking command in '/home/misys/robotics_lecture/BboxMessage/build/my_msgs': CMAKE_PREFIX_PATH=${CMAKE_PREFIX_PATH}:/home/misys/robotics_lecture/BboxMessage/install/bbox_example:/opt/ros/humble /usr/bin/cmake --build /home/misys/robotics_lecture/BboxMessage/build/my_msgs -- -j32 -l32
[0.063s] [  3%] Built target my_msgs__cpp
[0.065s] [ 12%] Built target my_msgs__rosidl_generator_c
[0.072s] [ 12%] Built target ament_cmake_python_copy_my_msgs
[0.081s] [ 22%] Built target my_msgs__rosidl_typesupport_cpp
[0.081s] [ 32%] Built target my_msgs__rosidl_typesupport_c
[0.083s] [ 41%] Built target my_msgs__rosidl_typesupport_fastrtps_c
[0.083s] [ 54%] Built target my_msgs__rosidl_typesupport_fastrtps_cpp
[0.083s] [ 61%] Built target my_msgs__rosidl_typesupport_introspection_cpp
[0.083s] [ 70%] Built target my_msgs__rosidl_typesupport_introspection_c
[0.099s] [ 70%] Built target my_msgs
[0.115s] [ 74%] Built target my_msgs__py
[0.135s] [ 80%] Built target my_msgs__rosidl_generator_py
[0.153s] [ 87%] Built target my_msgs__rosidl_typesupport_introspection_c__pyext
[0.156s] [ 93%] Built target my_msgs__rosidl_typesupport_c__pyext
[0.156s] [100%] Built target my_msgs__rosidl_typesupport_fastrtps_c__pyext
[0.223s] running egg_info
[0.223s] writing my_msgs.egg-info/PKG-INFO
[0.224s] writing dependency_links to my_msgs.egg-info/dependency_links.txt
[0.224s] writing top-level names to my_msgs.egg-info/top_level.txt
[0.225s] reading manifest file 'my_msgs.egg-info/SOURCES.txt'
[0.225s] writing manifest file 'my_msgs.egg-info/SOURCES.txt'
[0.245s] [100%] Built target ament_cmake_python_build_my_msgs_egg
[0.255s] Invoked command in '/home/misys/robotics_lecture/BboxMessage/build/my_msgs' returned '0': CMAKE_PREFIX_PATH=${CMAKE_PREFIX_PATH}:/home/misys/robotics_lecture/BboxMessage/install/bbox_example:/opt/ros/humble /usr/bin/cmake --build /home/misys/robotics_lecture/BboxMessage/build/my_msgs -- -j32 -l32
[0.350s] Invoking command in '/home/misys/robotics_lecture/BboxMessage/build/my_msgs': CMAKE_PREFIX_PATH=${CMAKE_PREFIX_PATH}:/home/misys/robotics_lecture/BboxMessage/install/bbox_example:/opt/ros/humble /usr/bin/cmake --install /home/misys/robotics_lecture/BboxMessage/build/my_msgs
[0.360s] -- Install configuration: ""
[0.360s] -- Up-to-date: /home/misys/robotics_lecture/BboxMessage/install/my_msgs/share/ament_index/resource_index/rosidl_interfaces/my_msgs
[0.360s] -- Up-to-date: /home/misys/robotics_lecture/BboxMessage/install/my_msgs/include/my_msgs/my_msgs
[0.360s] -- Up-to-date: /home/misys/robotics_lecture/BboxMessage/install/my_msgs/include/my_msgs/my_msgs/msg
[0.360s] -- Up-to-date: /home/misys/robotics_lecture/BboxMessage/install/my_msgs/include/my_msgs/my_msgs/msg/bbox_msg.h
[0.360s] -- Up-to-date: /home/misys/robotics_lecture/BboxMessage/install/my_msgs/include/my_msgs/my_msgs/msg/rosidl_generator_c__visibility_control.h
[0.360s] -- Up-to-date: /home/misys/robotics_lecture/BboxMessage/install/my_msgs/include/my_msgs/my_msgs/msg/detail
[0.360s] -- Up-to-date: /home/misys/robotics_lecture/BboxMessage/install/my_msgs/include/my_msgs/my_msgs/msg/detail/bbox_msg__struct.h
[0.361s] -- Up-to-date: /home/misys/robotics_lecture/BboxMessage/install/my_msgs/include/my_msgs/my_msgs/msg/detail/bbox_msg__functions.c
[0.361s] -- Up-to-date: /home/misys/robotics_lecture/BboxMessage/install/my_msgs/include/my_msgs/my_msgs/msg/detail/bbox_msg__functions.h
[0.361s] -- Up-to-date: /home/misys/robotics_lecture/BboxMessage/install/my_msgs/include/my_msgs/my_msgs/msg/detail/bbox_msg__type_support.h
[0.361s] -- Up-to-date: /home/misys/robotics_lecture/BboxMessage/install/my_msgs/share/my_msgs/environment/library_path.sh
[0.361s] -- Up-to-date: /home/misys/robotics_lecture/BboxMessage/install/my_msgs/share/my_msgs/environment/library_path.dsv
[0.361s] -- Up-to-date: /home/misys/robotics_lecture/BboxMessage/install/my_msgs/lib/libmy_msgs__rosidl_generator_c.so
[0.361s] -- Up-to-date: /home/misys/robotics_lecture/BboxMessage/install/my_msgs/include/my_msgs/my_msgs
[0.361s] -- Up-to-date: /home/misys/robotics_lecture/BboxMessage/install/my_msgs/include/my_msgs/my_msgs/msg
[0.361s] -- Up-to-date: /home/misys/robotics_lecture/BboxMessage/install/my_msgs/include/my_msgs/my_msgs/msg/rosidl_typesupport_fastrtps_c__visibility_control.h
[0.361s] -- Up-to-date: /home/misys/robotics_lecture/BboxMessage/install/my_msgs/include/my_msgs/my_msgs/msg/detail
[0.361s] -- Up-to-date: /home/misys/robotics_lecture/BboxMessage/install/my_msgs/include/my_msgs/my_msgs/msg/detail/bbox_msg__rosidl_typesupport_fastrtps_c.h
[0.361s] -- Up-to-date: /home/misys/robotics_lecture/BboxMessage/install/my_msgs/lib/libmy_msgs__rosidl_typesupport_fastrtps_c.so
[0.361s] -- Up-to-date: /home/misys/robotics_lecture/BboxMessage/install/my_msgs/include/my_msgs/my_msgs
[0.361s] -- Up-to-date: /home/misys/robotics_lecture/BboxMessage/install/my_msgs/include/my_msgs/my_msgs/msg
[0.361s] -- Up-to-date: /home/misys/robotics_lecture/BboxMessage/install/my_msgs/include/my_msgs/my_msgs/msg/rosidl_typesupport_introspection_c__visibility_control.h
[0.362s] -- Up-to-date: /home/misys/robotics_lecture/BboxMessage/install/my_msgs/include/my_msgs/my_msgs/msg/detail
[0.362s] -- Up-to-date: /home/misys/robotics_lecture/BboxMessage/install/my_msgs/include/my_msgs/my_msgs/msg/detail/bbox_msg__type_support.c
[0.362s] -- Up-to-date: /home/misys/robotics_lecture/BboxMessage/install/my_msgs/include/my_msgs/my_msgs/msg/detail/bbox_msg__rosidl_typesupport_introspection_c.h
[0.362s] -- Up-to-date: /home/misys/robotics_lecture/BboxMessage/install/my_msgs/lib/libmy_msgs__rosidl_typesupport_introspection_c.so
[0.362s] -- Up-to-date: /home/misys/robotics_lecture/BboxMessage/install/my_msgs/lib/libmy_msgs__rosidl_typesupport_c.so
[0.362s] -- Up-to-date: /home/misys/robotics_lecture/BboxMessage/install/my_msgs/include/my_msgs/my_msgs
[0.362s] -- Up-to-date: /home/misys/robotics_lecture/BboxMessage/install/my_msgs/include/my_msgs/my_msgs/msg
[0.362s] -- Up-to-date: /home/misys/robotics_lecture/BboxMessage/install/my_msgs/include/my_msgs/my_msgs/msg/detail
[0.362s] -- Up-to-date: /home/misys/robotics_lecture/BboxMessage/install/my_msgs/include/my_msgs/my_msgs/msg/detail/bbox_msg__traits.hpp
[0.362s] -- Up-to-date: /home/misys/robotics_lecture/BboxMessage/install/my_msgs/include/my_msgs/my_msgs/msg/detail/bbox_msg__builder.hpp
[0.362s] -- Up-to-date: /home/misys/robotics_lecture/BboxMessage/install/my_msgs/include/my_msgs/my_msgs/msg/detail/bbox_msg__struct.hpp
[0.362s] -- Up-to-date: /home/misys/robotics_lecture/BboxMessage/install/my_msgs/include/my_msgs/my_msgs/msg/bbox_msg.hpp
[0.363s] -- Up-to-date: /home/misys/robotics_lecture/BboxMessage/install/my_msgs/include/my_msgs/my_msgs
[0.363s] -- Up-to-date: /home/misys/robotics_lecture/BboxMessage/install/my_msgs/include/my_msgs/my_msgs/msg
[0.363s] -- Up-to-date: /home/misys/robotics_lecture/BboxMessage/install/my_msgs/include/my_msgs/my_msgs/msg/rosidl_typesupport_fastrtps_cpp__visibility_control.h
[0.363s] -- Up-to-date: /home/misys/robotics_lecture/BboxMessage/install/my_msgs/include/my_msgs/my_msgs/msg/detail
[0.363s] -- Up-to-date: /home/misys/robotics_lecture/BboxMessage/install/my_msgs/include/my_msgs/my_msgs/msg/detail/bbox_msg__rosidl_typesupport_fastrtps_cpp.hpp
[0.363s] -- Up-to-date: /home/misys/robotics_lecture/BboxMessage/install/my_msgs/include/my_msgs/my_msgs/msg/detail/dds_fastrtps
[0.363s] -- Up-to-date: /home/misys/robotics_lecture/BboxMessage/install/my_msgs/lib/libmy_msgs__rosidl_typesupport_fastrtps_cpp.so
[0.363s] -- Up-to-date: /home/misys/robotics_lecture/BboxMessage/install/my_msgs/include/my_msgs/my_msgs
[0.363s] -- Up-to-date: /home/misys/robotics_lecture/BboxMessage/install/my_msgs/include/my_msgs/my_msgs/msg
[0.363s] -- Up-to-date: /home/misys/robotics_lecture/BboxMessage/install/my_msgs/include/my_msgs/my_msgs/msg/detail
[0.363s] -- Up-to-date: /home/misys/robotics_lecture/BboxMessage/install/my_msgs/include/my_msgs/my_msgs/msg/detail/bbox_msg__type_support.cpp
[0.363s] -- Up-to-date: /home/misys/robotics_lecture/BboxMessage/install/my_msgs/include/my_msgs/my_msgs/msg/detail/bbox_msg__rosidl_typesupport_introspection_cpp.hpp
[0.363s] -- Up-to-date: /home/misys/robotics_lecture/BboxMessage/install/my_msgs/lib/libmy_msgs__rosidl_typesupport_introspection_cpp.so
[0.363s] -- Up-to-date: /home/misys/robotics_lecture/BboxMessage/install/my_msgs/lib/libmy_msgs__rosidl_typesupport_cpp.so
[0.363s] -- Up-to-date: /home/misys/robotics_lecture/BboxMessage/install/my_msgs/share/my_msgs/environment/pythonpath.sh
[0.363s] -- Up-to-date: /home/misys/robotics_lecture/BboxMessage/install/my_msgs/share/my_msgs/environment/pythonpath.dsv
[0.363s] -- Up-to-date: /home/misys/robotics_lecture/BboxMessage/install/my_msgs/local/lib/python3.10/dist-packages/my_msgs-0.0.0-py3.10.egg-info
[0.364s] -- Installing: /home/misys/robotics_lecture/BboxMessage/install/my_msgs/local/lib/python3.10/dist-packages/my_msgs-0.0.0-py3.10.egg-info/dependency_links.txt
[0.364s] -- Installing: /home/misys/robotics_lecture/BboxMessage/install/my_msgs/local/lib/python3.10/dist-packages/my_msgs-0.0.0-py3.10.egg-info/top_level.txt
[0.364s] -- Installing: /home/misys/robotics_lecture/BboxMessage/install/my_msgs/local/lib/python3.10/dist-packages/my_msgs-0.0.0-py3.10.egg-info/PKG-INFO
[0.364s] -- Installing: /home/misys/robotics_lecture/BboxMessage/install/my_msgs/local/lib/python3.10/dist-packages/my_msgs-0.0.0-py3.10.egg-info/SOURCES.txt
[0.364s] -- Up-to-date: /home/misys/robotics_lecture/BboxMessage/install/my_msgs/local/lib/python3.10/dist-packages/my_msgs
[0.364s] -- Up-to-date: /home/misys/robotics_lecture/BboxMessage/install/my_msgs/local/lib/python3.10/dist-packages/my_msgs/_my_msgs_s.ep.rosidl_typesupport_fastrtps_c.c
[0.364s] -- Up-to-date: /home/misys/robotics_lecture/BboxMessage/install/my_msgs/local/lib/python3.10/dist-packages/my_msgs/_my_msgs_s.ep.rosidl_typesupport_c.c
[0.364s] -- Up-to-date: /home/misys/robotics_lecture/BboxMessage/install/my_msgs/local/lib/python3.10/dist-packages/my_msgs/_my_msgs_s.ep.rosidl_typesupport_introspection_c.c
[0.364s] -- Up-to-date: /home/misys/robotics_lecture/BboxMessage/install/my_msgs/local/lib/python3.10/dist-packages/my_msgs/msg
[0.364s] -- Up-to-date: /home/misys/robotics_lecture/BboxMessage/install/my_msgs/local/lib/python3.10/dist-packages/my_msgs/msg/_bbox_msg.py
[0.364s] -- Up-to-date: /home/misys/robotics_lecture/BboxMessage/install/my_msgs/local/lib/python3.10/dist-packages/my_msgs/msg/__init__.py
[0.364s] -- Up-to-date: /home/misys/robotics_lecture/BboxMessage/install/my_msgs/local/lib/python3.10/dist-packages/my_msgs/msg/_bbox_msg_s.c
[0.364s] -- Up-to-date: /home/misys/robotics_lecture/BboxMessage/install/my_msgs/local/lib/python3.10/dist-packages/my_msgs/my_msgs_s__rosidl_typesupport_introspection_c.cpython-310-x86_64-linux-gnu.so
[0.364s] -- Up-to-date: /home/misys/robotics_lecture/BboxMessage/install/my_msgs/local/lib/python3.10/dist-packages/my_msgs/__init__.py
[0.364s] -- Up-to-date: /home/misys/robotics_lecture/BboxMessage/install/my_msgs/local/lib/python3.10/dist-packages/my_msgs/my_msgs_s__rosidl_typesupport_fastrtps_c.cpython-310-x86_64-linux-gnu.so
[0.364s] -- Up-to-date: /home/misys/robotics_lecture/BboxMessage/install/my_msgs/local/lib/python3.10/dist-packages/my_msgs/libmy_msgs__rosidl_generator_py.so
[0.365s] -- Up-to-date: /home/misys/robotics_lecture/BboxMessage/install/my_msgs/local/lib/python3.10/dist-packages/my_msgs/my_msgs_s__rosidl_typesupport_c.cpython-310-x86_64-linux-gnu.so
[0.387s] Listing '/home/misys/robotics_lecture/BboxMessage/install/my_msgs/local/lib/python3.10/dist-packages/my_msgs'...
[0.387s] Listing '/home/misys/robotics_lecture/BboxMessage/install/my_msgs/local/lib/python3.10/dist-packages/my_msgs/msg'...
[0.390s] -- Up-to-date: /home/misys/robotics_lecture/BboxMessage/install/my_msgs/local/lib/python3.10/dist-packages/my_msgs/my_msgs_s__rosidl_typesupport_fastrtps_c.cpython-310-x86_64-linux-gnu.so
[0.390s] -- Up-to-date: /home/misys/robotics_lecture/BboxMessage/install/my_msgs/local/lib/python3.10/dist-packages/my_msgs/my_msgs_s__rosidl_typesupport_introspection_c.cpython-310-x86_64-linux-gnu.so
[0.390s] -- Up-to-date: /home/misys/robotics_lecture/BboxMessage/install/my_msgs/local/lib/python3.10/dist-packages/my_msgs/my_msgs_s__rosidl_typesupport_c.cpython-310-x86_64-linux-gnu.so
[0.390s] -- Up-to-date: /home/misys/robotics_lecture/BboxMessage/install/my_msgs/lib/libmy_msgs__rosidl_generator_py.so
[0.390s] -- Up-to-date: /home/misys/robotics_lecture/BboxMessage/install/my_msgs/share/my_msgs/msg/BboxMsg.idl
[0.390s] -- Up-to-date: /home/misys/robotics_lecture/BboxMessage/install/my_msgs/share/my_msgs/msg/BboxMsg.msg
[0.390s] -- Up-to-date: /home/misys/robotics_lecture/BboxMessage/install/my_msgs/share/ament_index/resource_index/package_run_dependencies/my_msgs
[0.390s] -- Up-to-date: /home/misys/robotics_lecture/BboxMessage/install/my_msgs/share/ament_index/resource_index/parent_prefix_path/my_msgs
[0.390s] -- Up-to-date: /home/misys/robotics_lecture/BboxMessage/install/my_msgs/share/my_msgs/environment/ament_prefix_path.sh
[0.390s] -- Up-to-date: /home/misys/robotics_lecture/BboxMessage/install/my_msgs/share/my_msgs/environment/ament_prefix_path.dsv
[0.390s] -- Up-to-date: /home/misys/robotics_lecture/BboxMessage/install/my_msgs/share/my_msgs/environment/path.sh
[0.390s] -- Up-to-date: /home/misys/robotics_lecture/BboxMessage/install/my_msgs/share/my_msgs/environment/path.dsv
[0.390s] -- Up-to-date: /home/misys/robotics_lecture/BboxMessage/install/my_msgs/share/my_msgs/local_setup.bash
[0.390s] -- Up-to-date: /home/misys/robotics_lecture/BboxMessage/install/my_msgs/share/my_msgs/local_setup.sh
[0.390s] -- Up-to-date: /home/misys/robotics_lecture/BboxMessage/install/my_msgs/share/my_msgs/local_setup.zsh
[0.390s] -- Up-to-date: /home/misys/robotics_lecture/BboxMessage/install/my_msgs/share/my_msgs/local_setup.dsv
[0.390s] -- Installing: /home/misys/robotics_lecture/BboxMessage/install/my_msgs/share/my_msgs/package.dsv
[0.390s] -- Up-to-date: /home/misys/robotics_lecture/BboxMessage/install/my_msgs/share/ament_index/resource_index/packages/my_msgs
[0.390s] -- Up-to-date: /home/misys/robotics_lecture/BboxMessage/install/my_msgs/share/my_msgs/cmake/export_my_msgs__rosidl_generator_cExport.cmake
[0.390s] -- Up-to-date: /home/misys/robotics_lecture/BboxMessage/install/my_msgs/share/my_msgs/cmake/export_my_msgs__rosidl_generator_cExport-noconfig.cmake
[0.390s] -- Up-to-date: /home/misys/robotics_lecture/BboxMessage/install/my_msgs/share/my_msgs/cmake/export_my_msgs__rosidl_typesupport_fastrtps_cExport.cmake
[0.391s] -- Up-to-date: /home/misys/robotics_lecture/BboxMessage/install/my_msgs/share/my_msgs/cmake/export_my_msgs__rosidl_typesupport_fastrtps_cExport-noconfig.cmake
[0.391s] -- Up-to-date: /home/misys/robotics_lecture/BboxMessage/install/my_msgs/share/my_msgs/cmake/my_msgs__rosidl_typesupport_introspection_cExport.cmake
[0.391s] -- Up-to-date: /home/misys/robotics_lecture/BboxMessage/install/my_msgs/share/my_msgs/cmake/my_msgs__rosidl_typesupport_introspection_cExport-noconfig.cmake
[0.391s] -- Up-to-date: /home/misys/robotics_lecture/BboxMessage/install/my_msgs/share/my_msgs/cmake/my_msgs__rosidl_typesupport_cExport.cmake
[0.391s] -- Up-to-date: /home/misys/robotics_lecture/BboxMessage/install/my_msgs/share/my_msgs/cmake/my_msgs__rosidl_typesupport_cExport-noconfig.cmake
[0.391s] -- Up-to-date: /home/misys/robotics_lecture/BboxMessage/install/my_msgs/share/my_msgs/cmake/export_my_msgs__rosidl_generator_cppExport.cmake
[0.391s] -- Up-to-date: /home/misys/robotics_lecture/BboxMessage/install/my_msgs/share/my_msgs/cmake/export_my_msgs__rosidl_typesupport_fastrtps_cppExport.cmake
[0.391s] -- Up-to-date: /home/misys/robotics_lecture/BboxMessage/install/my_msgs/share/my_msgs/cmake/export_my_msgs__rosidl_typesupport_fastrtps_cppExport-noconfig.cmake
[0.391s] -- Up-to-date: /home/misys/robotics_lecture/BboxMessage/install/my_msgs/share/my_msgs/cmake/my_msgs__rosidl_typesupport_introspection_cppExport.cmake
[0.391s] -- Up-to-date: /home/misys/robotics_lecture/BboxMessage/install/my_msgs/share/my_msgs/cmake/my_msgs__rosidl_typesupport_introspection_cppExport-noconfig.cmake
[0.391s] -- Up-to-date: /home/misys/robotics_lecture/BboxMessage/install/my_msgs/share/my_msgs/cmake/my_msgs__rosidl_typesupport_cppExport.cmake
[0.391s] -- Up-to-date: /home/misys/robotics_lecture/BboxMessage/install/my_msgs/share/my_msgs/cmake/my_msgs__rosidl_typesupport_cppExport-noconfig.cmake
[0.391s] -- Up-to-date: /home/misys/robotics_lecture/BboxMessage/install/my_msgs/share/my_msgs/cmake/export_my_msgs__rosidl_generator_pyExport.cmake
[0.391s] -- Up-to-date: /home/misys/robotics_lecture/BboxMessage/install/my_msgs/share/my_msgs/cmake/export_my_msgs__rosidl_generator_pyExport-noconfig.cmake
[0.391s] -- Up-to-date: /home/misys/robotics_lecture/BboxMessage/install/my_msgs/share/my_msgs/cmake/rosidl_cmake-extras.cmake
[0.391s] -- Up-to-date: /home/misys/robotics_lecture/BboxMessage/install/my_msgs/share/my_msgs/cmake/ament_cmake_export_include_directories-extras.cmake
[0.391s] -- Up-to-date: /home/misys/robotics_lecture/BboxMessage/install/my_msgs/share/my_msgs/cmake/ament_cmake_export_libraries-extras.cmake
[0.391s] -- Up-to-date: /home/misys/robotics_lecture/BboxMessage/install/my_msgs/share/my_msgs/cmake/ament_cmake_export_targets-extras.cmake
[0.391s] -- Up-to-date: /home/misys/robotics_lecture/BboxMessage/install/my_msgs/share/my_msgs/cmake/rosidl_cmake_export_typesupport_targets-extras.cmake
[0.391s] -- Up-to-date: /home/misys/robotics_lecture/BboxMessage/install/my_msgs/share/my_msgs/cmake/ament_cmake_export_dependencies-extras.cmake
[0.391s] -- Up-to-date: /home/misys/robotics_lecture/BboxMessage/install/my_msgs/share/my_msgs/cmake/rosidl_cmake_export_typesupport_libraries-extras.cmake
[0.391s] -- Up-to-date: /home/misys/robotics_lecture/BboxMessage/install/my_msgs/share/my_msgs/cmake/my_msgsConfig.cmake
[0.391s] -- Up-to-date: /home/misys/robotics_lecture/BboxMessage/install/my_msgs/share/my_msgs/cmake/my_msgsConfig-version.cmake
[0.391s] -- Up-to-date: /home/misys/robotics_lecture/BboxMessage/install/my_msgs/share/my_msgs/package.xml
[0.392s] Invoked command in '/home/misys/robotics_lecture/BboxMessage/build/my_msgs' returned '0': CMAKE_PREFIX_PATH=${CMAKE_PREFIX_PATH}:/home/misys/robotics_lecture/BboxMessage/install/bbox_example:/opt/ros/humble /usr/bin/cmake --install /home/misys/robotics_lecture/BboxMessage/build/my_msgs
