[0.007s] Invoking command in '/home/misys/robotics_lecture/BboxMessage/build/my_msgs': CMAKE_PREFIX_PATH=/opt/ros/humble /usr/bin/cmake /home/misys/robotics_lecture/BboxMessage/src/my_msgs -DCMAKE_INSTALL_PREFIX=/home/misys/robotics_lecture/BboxMessage/install/my_msgs
[0.017s] -- Found ament_cmake: 1.3.10 (/opt/ros/humble/share/ament_cmake/cmake)
[0.113s] -- Found rosidl_default_generators: 1.2.0 (/opt/ros/humble/share/rosidl_default_generators/cmake)
[0.116s] -- Using all available rosidl_typesupport_c: rosidl_typesupport_fastrtps_c;rosidl_typesupport_introspection_c
[0.120s] -- Found rosidl_adapter: 3.1.5 (/opt/ros/humble/share/rosidl_adapter/cmake)
[0.150s] -- Using all available rosidl_typesupport_cpp: rosidl_typesupport_fastrtps_cpp;rosidl_typesupport_introspection_cpp
[0.355s] -- Found ament_cmake_ros: 0.10.0 (/opt/ros/humble/share/ament_cmake_ros/cmake)
[0.511s] -- Using all available rosidl_typesupport_c: rosidl_typesupport_fastrtps_c;rosidl_typesupport_introspection_c
[0.726s] -- Using all available rosidl_typesupport_cpp: rosidl_typesupport_fastrtps_cpp;rosidl_typesupport_introspection_cpp
[0.748s] -- Found PythonInterp: /usr/bin/python3 (found suitable version "3.10.12", minimum required is "3.6") 
[0.750s] -- Found python_cmake_module: 0.10.0 (/opt/ros/humble/share/python_cmake_module/cmake)
[0.771s] -- Found PythonLibs: /usr/lib/x86_64-linux-gnu/libpython3.10.so (found suitable version "3.10.12", minimum required is "3.5") 
[0.771s] -- Using PYTHON_EXECUTABLE: /usr/bin/python3
[0.771s] -- Using PYTHON_INCLUDE_DIRS: /usr/include/python3.10
[0.771s] -- Using PYTHON_LIBRARIES: /usr/lib/x86_64-linux-gnu/libpython3.10.so
[0.795s] -- Found PythonExtra: .so  
[0.822s] -- Found ament_lint_auto: 0.12.11 (/opt/ros/humble/share/ament_lint_auto/cmake)
[0.836s] -- Added test 'lint_cmake' to check CMake code style
[0.837s] -- Added test 'xmllint' to check XML markup files
[0.838s] -- Configuring done
[0.853s] -- Generating done
[0.855s] -- Build files have been written to: /home/misys/robotics_lecture/BboxMessage/build/my_msgs
[0.860s] Invoked command in '/home/misys/robotics_lecture/BboxMessage/build/my_msgs' returned '0': CMAKE_PREFIX_PATH=/opt/ros/humble /usr/bin/cmake /home/misys/robotics_lecture/BboxMessage/src/my_msgs -DCMAKE_INSTALL_PREFIX=/home/misys/robotics_lecture/BboxMessage/install/my_msgs
[0.861s] Invoking command in '/home/misys/robotics_lecture/BboxMessage/build/my_msgs': CMAKE_PREFIX_PATH=/opt/ros/humble /usr/bin/cmake --build /home/misys/robotics_lecture/BboxMessage/build/my_msgs -- -j32 -l32
[0.913s] [  3%] [34m[1mGenerating C code for ROS interfaces[0m
[0.923s] [  6%] [34m[1mGenerating C++ code for ROS interfaces[0m
[0.931s] [  6%] Built target ament_cmake_python_copy_my_msgs
[1.100s] running egg_info
[1.101s] creating my_msgs.egg-info
[1.101s] writing my_msgs.egg-info/PKG-INFO
[1.101s] writing dependency_links to my_msgs.egg-info/dependency_links.txt
[1.101s] writing top-level names to my_msgs.egg-info/top_level.txt
[1.101s] writing manifest file 'my_msgs.egg-info/SOURCES.txt'
[1.103s] reading manifest file 'my_msgs.egg-info/SOURCES.txt'
[1.103s] writing manifest file 'my_msgs.egg-info/SOURCES.txt'
[1.107s] [  6%] Built target my_msgs__cpp
[1.111s] [  9%] [32mBuilding C object CMakeFiles/my_msgs__rosidl_generator_c.dir/rosidl_generator_c/my_msgs/msg/detail/bbox_msg__functions.c.o[0m
[1.118s] [ 19%] [34m[1mGenerating C++ type support for eProsima Fast-RTPS[0m
[1.118s] [ 19%] [34m[1mGenerating C++ type support dispatch for ROS interfaces[0m
[1.118s] [ 19%] [34m[1mGenerating C++ introspection for ROS interfaces[0m
[1.127s] [ 19%] Built target ament_cmake_python_build_my_msgs_egg
[1.161s] [ 22%] [32m[1mLinking C shared library libmy_msgs__rosidl_generator_c.so[0m
[1.197s] [ 22%] Built target my_msgs__rosidl_generator_c
[1.207s] [ 25%] [34m[1mGenerating C type support for eProsima Fast-RTPS[0m
[1.208s] [ 29%] [34m[1mGenerating C introspection for ROS interfaces[0m
[1.209s] [ 32%] [34m[1mGenerating C type support dispatch for ROS interfaces[0m
[1.297s] [ 35%] [32mBuilding CXX object CMakeFiles/my_msgs__rosidl_typesupport_cpp.dir/rosidl_typesupport_cpp/my_msgs/msg/bbox_msg__type_support.cpp.o[0m
[1.308s] [ 38%] [32mBuilding CXX object CMakeFiles/my_msgs__rosidl_typesupport_introspection_cpp.dir/rosidl_typesupport_introspection_cpp/my_msgs/msg/detail/bbox_msg__type_support.cpp.o[0m
[1.327s] [ 41%] [32mBuilding CXX object CMakeFiles/my_msgs__rosidl_typesupport_fastrtps_cpp.dir/rosidl_typesupport_fastrtps_cpp/my_msgs/msg/detail/dds_fastrtps/bbox_msg__type_support.cpp.o[0m
[1.390s] [ 45%] [32mBuilding CXX object CMakeFiles/my_msgs__rosidl_typesupport_c.dir/rosidl_typesupport_c/my_msgs/msg/bbox_msg__type_support.cpp.o[0m
[1.410s] [ 48%] [32mBuilding CXX object CMakeFiles/my_msgs__rosidl_typesupport_fastrtps_c.dir/rosidl_typesupport_fastrtps_c/my_msgs/msg/detail/bbox_msg__type_support_c.cpp.o[0m
[1.416s] [ 51%] [32mBuilding C object CMakeFiles/my_msgs__rosidl_typesupport_introspection_c.dir/rosidl_typesupport_introspection_c/my_msgs/msg/detail/bbox_msg__type_support.c.o[0m
[1.417s] [ 54%] [32m[1mLinking CXX shared library libmy_msgs__rosidl_typesupport_c.so[0m
[1.453s] [ 58%] [32m[1mLinking C shared library libmy_msgs__rosidl_typesupport_introspection_c.so[0m
[1.457s] [ 58%] Built target my_msgs__rosidl_typesupport_c
[1.482s] [ 58%] Built target my_msgs__rosidl_typesupport_introspection_c
[1.499s] [ 61%] [32m[1mLinking CXX shared library libmy_msgs__rosidl_typesupport_cpp.so[0m
[1.535s] [ 61%] Built target my_msgs__rosidl_typesupport_cpp
[1.564s] [ 64%] [32m[1mLinking CXX shared library libmy_msgs__rosidl_typesupport_introspection_cpp.so[0m
[1.592s] [ 67%] [32m[1mLinking CXX shared library libmy_msgs__rosidl_typesupport_fastrtps_cpp.so[0m
[1.601s] [ 67%] Built target my_msgs__rosidl_typesupport_introspection_cpp
[1.625s] [ 70%] [32m[1mLinking CXX shared library libmy_msgs__rosidl_typesupport_fastrtps_c.so[0m
[1.655s] [ 70%] Built target my_msgs__rosidl_typesupport_fastrtps_cpp
[1.676s] [ 70%] Built target my_msgs__rosidl_typesupport_fastrtps_c
[1.698s] [ 70%] Built target my_msgs
[1.721s] [ 74%] [34m[1mGenerating Python code for ROS interfaces[0m
[1.932s] [ 74%] Built target my_msgs__py
[1.958s] [ 77%] [32mBuilding C object CMakeFiles/my_msgs__rosidl_generator_py.dir/rosidl_generator_py/my_msgs/msg/_bbox_msg_s.c.o[0m
[2.043s] [ 80%] [32m[1mLinking C shared library rosidl_generator_py/my_msgs/libmy_msgs__rosidl_generator_py.so[0m
[2.088s] [ 80%] Built target my_msgs__rosidl_generator_py
[2.109s] [ 83%] [32mBuilding C object CMakeFiles/my_msgs__rosidl_typesupport_fastrtps_c__pyext.dir/rosidl_generator_py/my_msgs/_my_msgs_s.ep.rosidl_typesupport_fastrtps_c.c.o[0m
[2.110s] [ 87%] [32mBuilding C object CMakeFiles/my_msgs__rosidl_typesupport_introspection_c__pyext.dir/rosidl_generator_py/my_msgs/_my_msgs_s.ep.rosidl_typesupport_introspection_c.c.o[0m
[2.111s] [ 90%] [32mBuilding C object CMakeFiles/my_msgs__rosidl_typesupport_c__pyext.dir/rosidl_generator_py/my_msgs/_my_msgs_s.ep.rosidl_typesupport_c.c.o[0m
[2.174s] [ 93%] [32m[1mLinking C shared library rosidl_generator_py/my_msgs/my_msgs_s__rosidl_typesupport_c.cpython-310-x86_64-linux-gnu.so[0m
[2.174s] [ 96%] [32m[1mLinking C shared library rosidl_generator_py/my_msgs/my_msgs_s__rosidl_typesupport_introspection_c.cpython-310-x86_64-linux-gnu.so[0m
[2.175s] [100%] [32m[1mLinking C shared library rosidl_generator_py/my_msgs/my_msgs_s__rosidl_typesupport_fastrtps_c.cpython-310-x86_64-linux-gnu.so[0m
[2.197s] [100%] Built target my_msgs__rosidl_typesupport_c__pyext
[2.199s] [100%] Built target my_msgs__rosidl_typesupport_fastrtps_c__pyext
[2.200s] [100%] Built target my_msgs__rosidl_typesupport_introspection_c__pyext
[2.215s] Invoked command in '/home/misys/robotics_lecture/BboxMessage/build/my_msgs' returned '0': CMAKE_PREFIX_PATH=/opt/ros/humble /usr/bin/cmake --build /home/misys/robotics_lecture/BboxMessage/build/my_msgs -- -j32 -l32
[2.310s] Invoking command in '/home/misys/robotics_lecture/BboxMessage/build/my_msgs': CMAKE_PREFIX_PATH=/opt/ros/humble /usr/bin/cmake --install /home/misys/robotics_lecture/BboxMessage/build/my_msgs
[2.320s] -- Install configuration: ""
[2.320s] -- Installing: /home/misys/robotics_lecture/BboxMessage/install/my_msgs/share/ament_index/resource_index/rosidl_interfaces/my_msgs
[2.320s] -- Installing: /home/misys/robotics_lecture/BboxMessage/install/my_msgs/include/my_msgs/my_msgs
[2.320s] -- Installing: /home/misys/robotics_lecture/BboxMessage/install/my_msgs/include/my_msgs/my_msgs/msg
[2.320s] -- Installing: /home/misys/robotics_lecture/BboxMessage/install/my_msgs/include/my_msgs/my_msgs/msg/bbox_msg.h
[2.321s] -- Installing: /home/misys/robotics_lecture/BboxMessage/install/my_msgs/include/my_msgs/my_msgs/msg/rosidl_generator_c__visibility_control.h
[2.321s] -- Installing: /home/misys/robotics_lecture/BboxMessage/install/my_msgs/include/my_msgs/my_msgs/msg/detail
[2.321s] -- Installing: /home/misys/robotics_lecture/BboxMessage/install/my_msgs/include/my_msgs/my_msgs/msg/detail/bbox_msg__struct.h
[2.321s] -- Installing: /home/misys/robotics_lecture/BboxMessage/install/my_msgs/include/my_msgs/my_msgs/msg/detail/bbox_msg__functions.c
[2.321s] -- Installing: /home/misys/robotics_lecture/BboxMessage/install/my_msgs/include/my_msgs/my_msgs/msg/detail/bbox_msg__functions.h
[2.321s] -- Installing: /home/misys/robotics_lecture/BboxMessage/install/my_msgs/include/my_msgs/my_msgs/msg/detail/bbox_msg__type_support.h
[2.322s] -- Installing: /home/misys/robotics_lecture/BboxMessage/install/my_msgs/share/my_msgs/environment/library_path.sh
[2.322s] -- Installing: /home/misys/robotics_lecture/BboxMessage/install/my_msgs/share/my_msgs/environment/library_path.dsv
[2.322s] -- Installing: /home/misys/robotics_lecture/BboxMessage/install/my_msgs/lib/libmy_msgs__rosidl_generator_c.so
[2.322s] -- Set runtime path of "/home/misys/robotics_lecture/BboxMessage/install/my_msgs/lib/libmy_msgs__rosidl_generator_c.so" to ""
[2.322s] -- Up-to-date: /home/misys/robotics_lecture/BboxMessage/install/my_msgs/include/my_msgs/my_msgs
[2.322s] -- Up-to-date: /home/misys/robotics_lecture/BboxMessage/install/my_msgs/include/my_msgs/my_msgs/msg
[2.322s] -- Installing: /home/misys/robotics_lecture/BboxMessage/install/my_msgs/include/my_msgs/my_msgs/msg/rosidl_typesupport_fastrtps_c__visibility_control.h
[2.323s] -- Up-to-date: /home/misys/robotics_lecture/BboxMessage/install/my_msgs/include/my_msgs/my_msgs/msg/detail
[2.323s] -- Installing: /home/misys/robotics_lecture/BboxMessage/install/my_msgs/include/my_msgs/my_msgs/msg/detail/bbox_msg__rosidl_typesupport_fastrtps_c.h
[2.323s] -- Installing: /home/misys/robotics_lecture/BboxMessage/install/my_msgs/lib/libmy_msgs__rosidl_typesupport_fastrtps_c.so
[2.323s] -- Set runtime path of "/home/misys/robotics_lecture/BboxMessage/install/my_msgs/lib/libmy_msgs__rosidl_typesupport_fastrtps_c.so" to ""
[2.323s] -- Up-to-date: /home/misys/robotics_lecture/BboxMessage/install/my_msgs/include/my_msgs/my_msgs
[2.323s] -- Up-to-date: /home/misys/robotics_lecture/BboxMessage/install/my_msgs/include/my_msgs/my_msgs/msg
[2.323s] -- Installing: /home/misys/robotics_lecture/BboxMessage/install/my_msgs/include/my_msgs/my_msgs/msg/rosidl_typesupport_introspection_c__visibility_control.h
[2.323s] -- Up-to-date: /home/misys/robotics_lecture/BboxMessage/install/my_msgs/include/my_msgs/my_msgs/msg/detail
[2.323s] -- Installing: /home/misys/robotics_lecture/BboxMessage/install/my_msgs/include/my_msgs/my_msgs/msg/detail/bbox_msg__type_support.c
[2.323s] -- Installing: /home/misys/robotics_lecture/BboxMessage/install/my_msgs/include/my_msgs/my_msgs/msg/detail/bbox_msg__rosidl_typesupport_introspection_c.h
[2.324s] -- Installing: /home/misys/robotics_lecture/BboxMessage/install/my_msgs/lib/libmy_msgs__rosidl_typesupport_introspection_c.so
[2.324s] -- Set runtime path of "/home/misys/robotics_lecture/BboxMessage/install/my_msgs/lib/libmy_msgs__rosidl_typesupport_introspection_c.so" to ""
[2.324s] -- Installing: /home/misys/robotics_lecture/BboxMessage/install/my_msgs/lib/libmy_msgs__rosidl_typesupport_c.so
[2.324s] -- Set runtime path of "/home/misys/robotics_lecture/BboxMessage/install/my_msgs/lib/libmy_msgs__rosidl_typesupport_c.so" to ""
[2.324s] -- Up-to-date: /home/misys/robotics_lecture/BboxMessage/install/my_msgs/include/my_msgs/my_msgs
[2.324s] -- Up-to-date: /home/misys/robotics_lecture/BboxMessage/install/my_msgs/include/my_msgs/my_msgs/msg
[2.324s] -- Up-to-date: /home/misys/robotics_lecture/BboxMessage/install/my_msgs/include/my_msgs/my_msgs/msg/detail
[2.324s] -- Installing: /home/misys/robotics_lecture/BboxMessage/install/my_msgs/include/my_msgs/my_msgs/msg/detail/bbox_msg__traits.hpp
[2.324s] -- Installing: /home/misys/robotics_lecture/BboxMessage/install/my_msgs/include/my_msgs/my_msgs/msg/detail/bbox_msg__builder.hpp
[2.325s] -- Installing: /home/misys/robotics_lecture/BboxMessage/install/my_msgs/include/my_msgs/my_msgs/msg/detail/bbox_msg__struct.hpp
[2.325s] -- Installing: /home/misys/robotics_lecture/BboxMessage/install/my_msgs/include/my_msgs/my_msgs/msg/bbox_msg.hpp
[2.325s] -- Up-to-date: /home/misys/robotics_lecture/BboxMessage/install/my_msgs/include/my_msgs/my_msgs
[2.325s] -- Up-to-date: /home/misys/robotics_lecture/BboxMessage/install/my_msgs/include/my_msgs/my_msgs/msg
[2.325s] -- Installing: /home/misys/robotics_lecture/BboxMessage/install/my_msgs/include/my_msgs/my_msgs/msg/rosidl_typesupport_fastrtps_cpp__visibility_control.h
[2.325s] -- Up-to-date: /home/misys/robotics_lecture/BboxMessage/install/my_msgs/include/my_msgs/my_msgs/msg/detail
[2.325s] -- Installing: /home/misys/robotics_lecture/BboxMessage/install/my_msgs/include/my_msgs/my_msgs/msg/detail/bbox_msg__rosidl_typesupport_fastrtps_cpp.hpp
[2.325s] -- Installing: /home/misys/robotics_lecture/BboxMessage/install/my_msgs/include/my_msgs/my_msgs/msg/detail/dds_fastrtps
[2.325s] -- Installing: /home/misys/robotics_lecture/BboxMessage/install/my_msgs/lib/libmy_msgs__rosidl_typesupport_fastrtps_cpp.so
[2.326s] -- Set runtime path of "/home/misys/robotics_lecture/BboxMessage/install/my_msgs/lib/libmy_msgs__rosidl_typesupport_fastrtps_cpp.so" to ""
[2.326s] -- Up-to-date: /home/misys/robotics_lecture/BboxMessage/install/my_msgs/include/my_msgs/my_msgs
[2.326s] -- Up-to-date: /home/misys/robotics_lecture/BboxMessage/install/my_msgs/include/my_msgs/my_msgs/msg
[2.326s] -- Up-to-date: /home/misys/robotics_lecture/BboxMessage/install/my_msgs/include/my_msgs/my_msgs/msg/detail
[2.326s] -- Installing: /home/misys/robotics_lecture/BboxMessage/install/my_msgs/include/my_msgs/my_msgs/msg/detail/bbox_msg__type_support.cpp
[2.326s] -- Installing: /home/misys/robotics_lecture/BboxMessage/install/my_msgs/include/my_msgs/my_msgs/msg/detail/bbox_msg__rosidl_typesupport_introspection_cpp.hpp
[2.326s] -- Installing: /home/misys/robotics_lecture/BboxMessage/install/my_msgs/lib/libmy_msgs__rosidl_typesupport_introspection_cpp.so
[2.326s] -- Set runtime path of "/home/misys/robotics_lecture/BboxMessage/install/my_msgs/lib/libmy_msgs__rosidl_typesupport_introspection_cpp.so" to ""
[2.326s] -- Installing: /home/misys/robotics_lecture/BboxMessage/install/my_msgs/lib/libmy_msgs__rosidl_typesupport_cpp.so
[2.326s] -- Set runtime path of "/home/misys/robotics_lecture/BboxMessage/install/my_msgs/lib/libmy_msgs__rosidl_typesupport_cpp.so" to ""
[2.326s] -- Installing: /home/misys/robotics_lecture/BboxMessage/install/my_msgs/share/my_msgs/environment/pythonpath.sh
[2.327s] -- Installing: /home/misys/robotics_lecture/BboxMessage/install/my_msgs/share/my_msgs/environment/pythonpath.dsv
[2.327s] -- Installing: /home/misys/robotics_lecture/BboxMessage/install/my_msgs/local/lib/python3.10/dist-packages/my_msgs-0.0.0-py3.10.egg-info
[2.327s] -- Installing: /home/misys/robotics_lecture/BboxMessage/install/my_msgs/local/lib/python3.10/dist-packages/my_msgs-0.0.0-py3.10.egg-info/dependency_links.txt
[2.327s] -- Installing: /home/misys/robotics_lecture/BboxMessage/install/my_msgs/local/lib/python3.10/dist-packages/my_msgs-0.0.0-py3.10.egg-info/top_level.txt
[2.327s] -- Installing: /home/misys/robotics_lecture/BboxMessage/install/my_msgs/local/lib/python3.10/dist-packages/my_msgs-0.0.0-py3.10.egg-info/PKG-INFO
[2.327s] -- Installing: /home/misys/robotics_lecture/BboxMessage/install/my_msgs/local/lib/python3.10/dist-packages/my_msgs-0.0.0-py3.10.egg-info/SOURCES.txt
[2.327s] -- Installing: /home/misys/robotics_lecture/BboxMessage/install/my_msgs/local/lib/python3.10/dist-packages/my_msgs
[2.327s] -- Installing: /home/misys/robotics_lecture/BboxMessage/install/my_msgs/local/lib/python3.10/dist-packages/my_msgs/_my_msgs_s.ep.rosidl_typesupport_fastrtps_c.c
[2.327s] -- Installing: /home/misys/robotics_lecture/BboxMessage/install/my_msgs/local/lib/python3.10/dist-packages/my_msgs/_my_msgs_s.ep.rosidl_typesupport_c.c
[2.327s] -- Installing: /home/misys/robotics_lecture/BboxMessage/install/my_msgs/local/lib/python3.10/dist-packages/my_msgs/_my_msgs_s.ep.rosidl_typesupport_introspection_c.c
[2.327s] -- Installing: /home/misys/robotics_lecture/BboxMessage/install/my_msgs/local/lib/python3.10/dist-packages/my_msgs/msg
[2.328s] -- Installing: /home/misys/robotics_lecture/BboxMessage/install/my_msgs/local/lib/python3.10/dist-packages/my_msgs/msg/_bbox_msg.py
[2.328s] -- Installing: /home/misys/robotics_lecture/BboxMessage/install/my_msgs/local/lib/python3.10/dist-packages/my_msgs/msg/__init__.py
[2.328s] -- Installing: /home/misys/robotics_lecture/BboxMessage/install/my_msgs/local/lib/python3.10/dist-packages/my_msgs/msg/_bbox_msg_s.c
[2.328s] -- Installing: /home/misys/robotics_lecture/BboxMessage/install/my_msgs/local/lib/python3.10/dist-packages/my_msgs/my_msgs_s__rosidl_typesupport_introspection_c.cpython-310-x86_64-linux-gnu.so
[2.328s] -- Installing: /home/misys/robotics_lecture/BboxMessage/install/my_msgs/local/lib/python3.10/dist-packages/my_msgs/__init__.py
[2.328s] -- Installing: /home/misys/robotics_lecture/BboxMessage/install/my_msgs/local/lib/python3.10/dist-packages/my_msgs/my_msgs_s__rosidl_typesupport_fastrtps_c.cpython-310-x86_64-linux-gnu.so
[2.328s] -- Installing: /home/misys/robotics_lecture/BboxMessage/install/my_msgs/local/lib/python3.10/dist-packages/my_msgs/libmy_msgs__rosidl_generator_py.so
[2.328s] -- Installing: /home/misys/robotics_lecture/BboxMessage/install/my_msgs/local/lib/python3.10/dist-packages/my_msgs/my_msgs_s__rosidl_typesupport_c.cpython-310-x86_64-linux-gnu.so
[2.369s] Listing '/home/misys/robotics_lecture/BboxMessage/install/my_msgs/local/lib/python3.10/dist-packages/my_msgs'...
[2.370s] Compiling '/home/misys/robotics_lecture/BboxMessage/install/my_msgs/local/lib/python3.10/dist-packages/my_msgs/__init__.py'...
[2.370s] Listing '/home/misys/robotics_lecture/BboxMessage/install/my_msgs/local/lib/python3.10/dist-packages/my_msgs/msg'...
[2.370s] Compiling '/home/misys/robotics_lecture/BboxMessage/install/my_msgs/local/lib/python3.10/dist-packages/my_msgs/msg/__init__.py'...
[2.370s] Compiling '/home/misys/robotics_lecture/BboxMessage/install/my_msgs/local/lib/python3.10/dist-packages/my_msgs/msg/_bbox_msg.py'...
[2.372s] -- Installing: /home/misys/robotics_lecture/BboxMessage/install/my_msgs/local/lib/python3.10/dist-packages/my_msgs/my_msgs_s__rosidl_typesupport_fastrtps_c.cpython-310-x86_64-linux-gnu.so
[2.373s] -- Set runtime path of "/home/misys/robotics_lecture/BboxMessage/install/my_msgs/local/lib/python3.10/dist-packages/my_msgs/my_msgs_s__rosidl_typesupport_fastrtps_c.cpython-310-x86_64-linux-gnu.so" to ""
[2.373s] -- Installing: /home/misys/robotics_lecture/BboxMessage/install/my_msgs/local/lib/python3.10/dist-packages/my_msgs/my_msgs_s__rosidl_typesupport_introspection_c.cpython-310-x86_64-linux-gnu.so
[2.373s] -- Set runtime path of "/home/misys/robotics_lecture/BboxMessage/install/my_msgs/local/lib/python3.10/dist-packages/my_msgs/my_msgs_s__rosidl_typesupport_introspection_c.cpython-310-x86_64-linux-gnu.so" to ""
[2.373s] -- Installing: /home/misys/robotics_lecture/BboxMessage/install/my_msgs/local/lib/python3.10/dist-packages/my_msgs/my_msgs_s__rosidl_typesupport_c.cpython-310-x86_64-linux-gnu.so
[2.373s] -- Set runtime path of "/home/misys/robotics_lecture/BboxMessage/install/my_msgs/local/lib/python3.10/dist-packages/my_msgs/my_msgs_s__rosidl_typesupport_c.cpython-310-x86_64-linux-gnu.so" to ""
[2.373s] -- Installing: /home/misys/robotics_lecture/BboxMessage/install/my_msgs/lib/libmy_msgs__rosidl_generator_py.so
[2.373s] -- Set runtime path of "/home/misys/robotics_lecture/BboxMessage/install/my_msgs/lib/libmy_msgs__rosidl_generator_py.so" to ""
[2.373s] -- Installing: /home/misys/robotics_lecture/BboxMessage/install/my_msgs/share/my_msgs/msg/BboxMsg.idl
[2.373s] -- Installing: /home/misys/robotics_lecture/BboxMessage/install/my_msgs/share/my_msgs/msg/BboxMsg.msg
[2.374s] -- Installing: /home/misys/robotics_lecture/BboxMessage/install/my_msgs/share/ament_index/resource_index/package_run_dependencies/my_msgs
[2.374s] -- Installing: /home/misys/robotics_lecture/BboxMessage/install/my_msgs/share/ament_index/resource_index/parent_prefix_path/my_msgs
[2.374s] -- Installing: /home/misys/robotics_lecture/BboxMessage/install/my_msgs/share/my_msgs/environment/ament_prefix_path.sh
[2.374s] -- Installing: /home/misys/robotics_lecture/BboxMessage/install/my_msgs/share/my_msgs/environment/ament_prefix_path.dsv
[2.374s] -- Installing: /home/misys/robotics_lecture/BboxMessage/install/my_msgs/share/my_msgs/environment/path.sh
[2.374s] -- Installing: /home/misys/robotics_lecture/BboxMessage/install/my_msgs/share/my_msgs/environment/path.dsv
[2.374s] -- Installing: /home/misys/robotics_lecture/BboxMessage/install/my_msgs/share/my_msgs/local_setup.bash
[2.374s] -- Installing: /home/misys/robotics_lecture/BboxMessage/install/my_msgs/share/my_msgs/local_setup.sh
[2.374s] -- Installing: /home/misys/robotics_lecture/BboxMessage/install/my_msgs/share/my_msgs/local_setup.zsh
[2.374s] -- Installing: /home/misys/robotics_lecture/BboxMessage/install/my_msgs/share/my_msgs/local_setup.dsv
[2.374s] -- Installing: /home/misys/robotics_lecture/BboxMessage/install/my_msgs/share/my_msgs/package.dsv
[2.374s] -- Installing: /home/misys/robotics_lecture/BboxMessage/install/my_msgs/share/ament_index/resource_index/packages/my_msgs
[2.374s] -- Installing: /home/misys/robotics_lecture/BboxMessage/install/my_msgs/share/my_msgs/cmake/export_my_msgs__rosidl_generator_cExport.cmake
[2.374s] -- Installing: /home/misys/robotics_lecture/BboxMessage/install/my_msgs/share/my_msgs/cmake/export_my_msgs__rosidl_generator_cExport-noconfig.cmake
[2.374s] -- Installing: /home/misys/robotics_lecture/BboxMessage/install/my_msgs/share/my_msgs/cmake/export_my_msgs__rosidl_typesupport_fastrtps_cExport.cmake
[2.374s] -- Installing: /home/misys/robotics_lecture/BboxMessage/install/my_msgs/share/my_msgs/cmake/export_my_msgs__rosidl_typesupport_fastrtps_cExport-noconfig.cmake
[2.374s] -- Installing: /home/misys/robotics_lecture/BboxMessage/install/my_msgs/share/my_msgs/cmake/my_msgs__rosidl_typesupport_introspection_cExport.cmake
[2.374s] -- Installing: /home/misys/robotics_lecture/BboxMessage/install/my_msgs/share/my_msgs/cmake/my_msgs__rosidl_typesupport_introspection_cExport-noconfig.cmake
[2.374s] -- Installing: /home/misys/robotics_lecture/BboxMessage/install/my_msgs/share/my_msgs/cmake/my_msgs__rosidl_typesupport_cExport.cmake
[2.375s] -- Installing: /home/misys/robotics_lecture/BboxMessage/install/my_msgs/share/my_msgs/cmake/my_msgs__rosidl_typesupport_cExport-noconfig.cmake
[2.375s] -- Installing: /home/misys/robotics_lecture/BboxMessage/install/my_msgs/share/my_msgs/cmake/export_my_msgs__rosidl_generator_cppExport.cmake
[2.375s] -- Installing: /home/misys/robotics_lecture/BboxMessage/install/my_msgs/share/my_msgs/cmake/export_my_msgs__rosidl_typesupport_fastrtps_cppExport.cmake
[2.375s] -- Installing: /home/misys/robotics_lecture/BboxMessage/install/my_msgs/share/my_msgs/cmake/export_my_msgs__rosidl_typesupport_fastrtps_cppExport-noconfig.cmake
[2.375s] -- Installing: /home/misys/robotics_lecture/BboxMessage/install/my_msgs/share/my_msgs/cmake/my_msgs__rosidl_typesupport_introspection_cppExport.cmake
[2.375s] -- Installing: /home/misys/robotics_lecture/BboxMessage/install/my_msgs/share/my_msgs/cmake/my_msgs__rosidl_typesupport_introspection_cppExport-noconfig.cmake
[2.375s] -- Installing: /home/misys/robotics_lecture/BboxMessage/install/my_msgs/share/my_msgs/cmake/my_msgs__rosidl_typesupport_cppExport.cmake
[2.375s] -- Installing: /home/misys/robotics_lecture/BboxMessage/install/my_msgs/share/my_msgs/cmake/my_msgs__rosidl_typesupport_cppExport-noconfig.cmake
[2.375s] -- Installing: /home/misys/robotics_lecture/BboxMessage/install/my_msgs/share/my_msgs/cmake/export_my_msgs__rosidl_generator_pyExport.cmake
[2.375s] -- Installing: /home/misys/robotics_lecture/BboxMessage/install/my_msgs/share/my_msgs/cmake/export_my_msgs__rosidl_generator_pyExport-noconfig.cmake
[2.375s] -- Installing: /home/misys/robotics_lecture/BboxMessage/install/my_msgs/share/my_msgs/cmake/rosidl_cmake-extras.cmake
[2.375s] -- Installing: /home/misys/robotics_lecture/BboxMessage/install/my_msgs/share/my_msgs/cmake/ament_cmake_export_include_directories-extras.cmake
[2.375s] -- Installing: /home/misys/robotics_lecture/BboxMessage/install/my_msgs/share/my_msgs/cmake/ament_cmake_export_libraries-extras.cmake
[2.375s] -- Installing: /home/misys/robotics_lecture/BboxMessage/install/my_msgs/share/my_msgs/cmake/ament_cmake_export_targets-extras.cmake
[2.375s] -- Installing: /home/misys/robotics_lecture/BboxMessage/install/my_msgs/share/my_msgs/cmake/rosidl_cmake_export_typesupport_targets-extras.cmake
[2.375s] -- Installing: /home/misys/robotics_lecture/BboxMessage/install/my_msgs/share/my_msgs/cmake/ament_cmake_export_dependencies-extras.cmake
[2.375s] -- Installing: /home/misys/robotics_lecture/BboxMessage/install/my_msgs/share/my_msgs/cmake/rosidl_cmake_export_typesupport_libraries-extras.cmake
[2.375s] -- Installing: /home/misys/robotics_lecture/BboxMessage/install/my_msgs/share/my_msgs/cmake/my_msgsConfig.cmake
[2.375s] -- Installing: /home/misys/robotics_lecture/BboxMessage/install/my_msgs/share/my_msgs/cmake/my_msgsConfig-version.cmake
[2.375s] -- Installing: /home/misys/robotics_lecture/BboxMessage/install/my_msgs/share/my_msgs/package.xml
[2.377s] Invoked command in '/home/misys/robotics_lecture/BboxMessage/build/my_msgs' returned '0': CMAKE_PREFIX_PATH=/opt/ros/humble /usr/bin/cmake --install /home/misys/robotics_lecture/BboxMessage/build/my_msgs
