[0.570s] Invoking command in '/home/misys/robotics_lecture/launch/launch_ws/src/substitutions_py': PYTHONPATH=/home/misys/robotics_lecture/launch/launch_ws/build/substitutions_py/prefix_override:/usr/lib/python3/dist-packages/colcon_core/task/python/colcon_distutils_commands:/home/misys/robotics_lecture/launch/launch_ws/install/substitutions_py/lib/python3.10/site-packages:${PYTHONPATH} /usr/bin/python3 -W ignore:setup.py install is deprecated setup.py egg_info --egg-base ../../build/substitutions_py build --build-base /home/misys/robotics_lecture/launch/launch_ws/build/substitutions_py/build install --record /home/misys/robotics_lecture/launch/launch_ws/build/substitutions_py/install.log --single-version-externally-managed install_data
[0.744s] running egg_info
[0.744s] writing ../../build/substitutions_py/substitutions_py.egg-info/PKG-INFO
[0.744s] writing dependency_links to ../../build/substitutions_py/substitutions_py.egg-info/dependency_links.txt
[0.744s] writing entry points to ../../build/substitutions_py/substitutions_py.egg-info/entry_points.txt
[0.744s] writing requirements to ../../build/substitutions_py/substitutions_py.egg-info/requires.txt
[0.745s] writing top-level names to ../../build/substitutions_py/substitutions_py.egg-info/top_level.txt
[0.746s] reading manifest file '../../build/substitutions_py/substitutions_py.egg-info/SOURCES.txt'
[0.747s] writing manifest file '../../build/substitutions_py/substitutions_py.egg-info/SOURCES.txt'
[0.747s] running build
[0.747s] running build_py
[0.747s] running install
[0.747s] running install_lib
[0.748s] running install_data
[0.748s] copying launch/event_handlers_launch.py -> /home/misys/robotics_lecture/launch/launch_ws/install/substitutions_py/share/substitutions_py/launch
[0.748s] running install_egg_info
[0.749s] removing '/home/misys/robotics_lecture/launch/launch_ws/install/substitutions_py/lib/python3.10/site-packages/substitutions_py-0.0.0-py3.10.egg-info' (and everything under it)
[0.749s] Copying ../../build/substitutions_py/substitutions_py.egg-info to /home/misys/robotics_lecture/launch/launch_ws/install/substitutions_py/lib/python3.10/site-packages/substitutions_py-0.0.0-py3.10.egg-info
[0.750s] running install_scripts
[0.767s] writing list of installed files to '/home/misys/robotics_lecture/launch/launch_ws/build/substitutions_py/install.log'
[0.783s] Invoked command in '/home/misys/robotics_lecture/launch/launch_ws/src/substitutions_py' returned '0': PYTHONPATH=/home/misys/robotics_lecture/launch/launch_ws/build/substitutions_py/prefix_override:/usr/lib/python3/dist-packages/colcon_core/task/python/colcon_distutils_commands:/home/misys/robotics_lecture/launch/launch_ws/install/substitutions_py/lib/python3.10/site-packages:${PYTHONPATH} /usr/bin/python3 -W ignore:setup.py install is deprecated setup.py egg_info --egg-base ../../build/substitutions_py build --build-base /home/misys/robotics_lecture/launch/launch_ws/build/substitutions_py/build install --record /home/misys/robotics_lecture/launch/launch_ws/build/substitutions_py/install.log --single-version-externally-managed install_data
